<?xml version="1.0" encoding="UTF-8"?>
<coverage generated="1746411562436" clover="3.2.0">
  <project timestamp="1746411562436" name="All files">
    <metrics statements="136" coveredstatements="115" conditionals="35" coveredconditionals="32" methods="15" coveredmethods="14" elements="186" coveredelements="161" complexity="0" loc="136" ncloc="136" packages="1" files="1" classes="1"/>
    <file name="index.js" path="/mnt/c/Users/Rivas/OneDrive/Desktop/Codigo/swe362/362FinalProject/index.js">
      <metrics statements="136" coveredstatements="115" conditionals="35" coveredconditionals="32" methods="15" coveredmethods="14"/>
      <line num="7" count="1" type="stmt"/>
      <line num="8" count="1" type="stmt"/>
      <line num="9" count="1" type="stmt"/>
      <line num="10" count="1" type="stmt"/>
      <line num="11" count="1" type="stmt"/>
      <line num="13" count="1" type="stmt"/>
      <line num="14" count="1" type="stmt"/>
      <line num="17" count="1" type="stmt"/>
      <line num="20" count="1" type="stmt"/>
      <line num="22" count="1" type="stmt"/>
      <line num="25" count="1" type="stmt"/>
      <line num="26" count="2" type="stmt"/>
      <line num="37" count="1" type="stmt"/>
      <line num="39" count="16" type="stmt"/>
      <line num="41" count="16" type="cond" truecount="4" falsecount="0"/>
      <line num="42" count="4" type="stmt"/>
      <line num="43" count="4" type="stmt"/>
      <line num="45" count="12" type="stmt"/>
      <line num="46" count="12" type="stmt"/>
      <line num="47" count="12" type="stmt"/>
      <line num="48" count="12" type="stmt"/>
      <line num="49" count="12" type="stmt"/>
      <line num="51" count="0" type="stmt"/>
      <line num="52" count="0" type="stmt"/>
      <line num="57" count="1" type="stmt"/>
      <line num="58" count="4" type="stmt"/>
      <line num="59" count="4" type="stmt"/>
      <line num="60" count="4" type="stmt"/>
      <line num="61" count="4" type="cond" truecount="2" falsecount="0"/>
      <line num="62" count="2" type="stmt"/>
      <line num="64" count="2" type="stmt"/>
      <line num="68" count="1" type="stmt"/>
      <line num="69" count="10" type="stmt"/>
      <line num="70" count="10" type="stmt"/>
      <line num="71" count="10" type="stmt"/>
      <line num="72" count="10" type="cond" truecount="1" falsecount="1"/>
      <line num="73" count="0" type="stmt"/>
      <line num="75" count="10" type="stmt"/>
      <line num="79" count="1" type="stmt"/>
      <line num="80" count="2" type="stmt"/>
      <line num="81" count="2" type="stmt"/>
      <line num="82" count="2" type="stmt"/>
      <line num="83" count="2" type="stmt"/>
      <line num="84" count="19" type="stmt"/>
      <line num="85" count="19" type="cond" truecount="1" falsecount="1"/>
      <line num="86" count="19" type="stmt"/>
      <line num="89" count="2" type="stmt"/>
      <line num="91" count="0" type="stmt"/>
      <line num="92" count="0" type="stmt"/>
      <line num="96" count="1" type="stmt"/>
      <line num="97" count="2" type="stmt"/>
      <line num="98" count="2" type="stmt"/>
      <line num="99" count="2" type="stmt"/>
      <line num="100" count="2" type="stmt"/>
      <line num="101" count="19" type="stmt"/>
      <line num="102" count="19" type="cond" truecount="2" falsecount="0"/>
      <line num="103" count="7" type="stmt"/>
      <line num="106" count="2" type="stmt"/>
      <line num="109" count="0" type="stmt"/>
      <line num="110" count="0" type="stmt"/>
      <line num="115" count="1" type="stmt"/>
      <line num="116" count="2" type="stmt"/>
      <line num="117" count="2" type="stmt"/>
      <line num="118" count="2" type="stmt"/>
      <line num="119" count="2" type="stmt"/>
      <line num="120" count="20" type="stmt"/>
      <line num="121" count="20" type="cond" truecount="2" falsecount="0"/>
      <line num="122" count="8" type="stmt"/>
      <line num="125" count="2" type="stmt"/>
      <line num="128" count="0" type="stmt"/>
      <line num="129" count="0" type="stmt"/>
      <line num="134" count="1" type="stmt"/>
      <line num="135" count="2" type="stmt"/>
      <line num="136" count="2" type="stmt"/>
      <line num="137" count="2" type="stmt"/>
      <line num="138" count="2" type="stmt"/>
      <line num="139" count="21" type="stmt"/>
      <line num="140" count="21" type="cond" truecount="2" falsecount="0"/>
      <line num="141" count="6" type="stmt"/>
      <line num="144" count="2" type="stmt"/>
      <line num="147" count="0" type="stmt"/>
      <line num="148" count="0" type="stmt"/>
      <line num="152" count="1" type="stmt"/>
      <line num="153" count="2" type="stmt"/>
      <line num="154" count="2" type="stmt"/>
      <line num="155" count="2" type="cond" truecount="2" falsecount="0"/>
      <line num="156" count="1" type="stmt"/>
      <line num="158" count="1" type="stmt"/>
      <line num="161" count="1" type="stmt"/>
      <line num="162" count="17" type="stmt"/>
      <line num="164" count="17" type="cond" truecount="7" falsecount="0"/>
      <line num="165" count="3" type="stmt"/>
      <line num="168" count="14" type="stmt"/>
      <line num="169" count="14" type="stmt"/>
      <line num="170" count="14" type="stmt"/>
      <line num="171" count="14" type="stmt"/>
      <line num="173" count="0" type="stmt"/>
      <line num="174" count="0" type="stmt"/>
      <line num="178" count="1" type="stmt"/>
      <line num="179" count="7" type="stmt"/>
      <line num="180" count="7" type="stmt"/>
      <line num="181" count="7" type="stmt"/>
      <line num="183" count="7" type="stmt"/>
      <line num="184" count="85" type="cond" truecount="2" falsecount="0"/>
      <line num="185" count="15" type="stmt"/>
      <line num="186" count="15" type="stmt"/>
      <line num="190" count="7" type="stmt"/>
      <line num="191" count="7" type="stmt"/>
      <line num="193" count="0" type="stmt"/>
      <line num="194" count="0" type="stmt"/>
      <line num="198" count="1" type="stmt"/>
      <line num="199" count="5" type="stmt"/>
      <line num="200" count="5" type="stmt"/>
      <line num="201" count="5" type="stmt"/>
      <line num="202" count="63" type="cond" truecount="2" falsecount="0"/>
      <line num="203" count="13" type="stmt"/>
      <line num="206" count="5" type="stmt"/>
      <line num="208" count="0" type="stmt"/>
      <line num="209" count="0" type="stmt"/>
      <line num="212" count="1" type="stmt"/>
      <line num="213" count="9" type="stmt"/>
      <line num="214" count="9" type="cond" truecount="2" falsecount="0"/>
      <line num="215" count="3" type="stmt"/>
      <line num="218" count="6" type="stmt"/>
      <line num="219" count="6" type="stmt"/>
      <line num="220" count="6" type="stmt"/>
      <line num="222" count="6" type="stmt"/>
      <line num="223" count="63" type="stmt"/>
      <line num="224" count="63" type="cond" truecount="2" falsecount="0"/>
      <line num="225" count="11" type="stmt"/>
      <line num="229" count="6" type="stmt"/>
      <line num="231" count="0" type="stmt"/>
      <line num="232" count="0" type="stmt"/>
      <line num="236" count="1" type="cond" truecount="1" falsecount="1"/>
      <line num="237" count="0" type="stmt"/>
      <line num="238" count="0" type="stmt"/>
    </file>
  </project>
</coverage>
