{"/mnt/c/Users/Rivas/OneDrive/Desktop/Codigo/swe362/362FinalProject/index.js": {"path":"/mnt/c/Users/Rivas/OneDrive/Desktop/Codigo/swe362/362FinalProject/index.js","statementMap":{"0":{"start":{"line":7,"column":12},"end":{"line":7,"column":21}},"1":{"start":{"line":8,"column":13},"end":{"line":8,"column":17}},"2":{"start":{"line":9,"column":0},"end":{"line":9,"column":16}},"3":{"start":{"line":10,"column":19},"end":{"line":10,"column":49}},"4":{"start":{"line":11,"column":18},"end":{"line":11,"column":42}},"5":{"start":{"line":13,"column":0},"end":{"line":13,"column":35}},"6":{"start":{"line":14,"column":0},"end":{"line":14,"column":56}},"7":{"start":{"line":17,"column":0},"end":{"line":17,"column":24}},"8":{"start":{"line":20,"column":0},"end":{"line":23,"column":7}},"9":{"start":{"line":22,"column":8},"end":{"line":22,"column":43}},"10":{"start":{"line":25,"column":0},"end":{"line":35,"column":3}},"11":{"start":{"line":26,"column":4},"end":{"line":34,"column":7}},"12":{"start":{"line":37,"column":0},"end":{"line":54,"column":3}},"13":{"start":{"line":39,"column":27},"end":{"line":39,"column":35}},"14":{"start":{"line":41,"column":4},"end":{"line":44,"column":5}},"15":{"start":{"line":42,"column":8},"end":{"line":42,"column":28}},"16":{"start":{"line":43,"column":8},"end":{"line":43,"column":60}},"17":{"start":{"line":45,"column":4},"end":{"line":53,"column":5}},"18":{"start":{"line":46,"column":8},"end":{"line":46,"column":29}},"19":{"start":{"line":47,"column":8},"end":{"line":47,"column":44}},"20":{"start":{"line":48,"column":8},"end":{"line":48,"column":80}},"21":{"start":{"line":49,"column":8},"end":{"line":49,"column":42}},"22":{"start":{"line":51,"column":8},"end":{"line":51,"column":52}},"23":{"start":{"line":52,"column":8},"end":{"line":52,"column":50}},"24":{"start":{"line":57,"column":0},"end":{"line":66,"column":3}},"25":{"start":{"line":58,"column":18},"end":{"line":58,"column":28}},"26":{"start":{"line":59,"column":4},"end":{"line":59,"column":42}},"27":{"start":{"line":60,"column":18},"end":{"line":60,"column":44}},"28":{"start":{"line":61,"column":4},"end":{"line":65,"column":5}},"29":{"start":{"line":62,"column":8},"end":{"line":62,"column":55}},"30":{"start":{"line":64,"column":8},"end":{"line":64,"column":31}},"31":{"start":{"line":68,"column":0},"end":{"line":77,"column":3}},"32":{"start":{"line":69,"column":18},"end":{"line":69,"column":28}},"33":{"start":{"line":70,"column":4},"end":{"line":70,"column":38}},"34":{"start":{"line":71,"column":18},"end":{"line":71,"column":47}},"35":{"start":{"line":72,"column":4},"end":{"line":76,"column":5}},"36":{"start":{"line":73,"column":8},"end":{"line":73,"column":55}},"37":{"start":{"line":75,"column":8},"end":{"line":75,"column":43}},"38":{"start":{"line":79,"column":0},"end":{"line":94,"column":3}},"39":{"start":{"line":80,"column":4},"end":{"line":93,"column":5}},"40":{"start":{"line":81,"column":21},"end":{"line":81,"column":41}},"41":{"start":{"line":82,"column":25},"end":{"line":82,"column":27}},"42":{"start":{"line":83,"column":8},"end":{"line":88,"column":9}},"43":{"start":{"line":84,"column":26},"end":{"line":84,"column":52}},"44":{"start":{"line":85,"column":12},"end":{"line":87,"column":13}},"45":{"start":{"line":86,"column":16},"end":{"line":86,"column":44}},"46":{"start":{"line":89,"column":8},"end":{"line":89,"column":27}},"47":{"start":{"line":91,"column":8},"end":{"line":91,"column":53}},"48":{"start":{"line":92,"column":8},"end":{"line":92,"column":64}},"49":{"start":{"line":96,"column":0},"end":{"line":112,"column":3}},"50":{"start":{"line":97,"column":4},"end":{"line":111,"column":5}},"51":{"start":{"line":98,"column":21},"end":{"line":98,"column":41}},"52":{"start":{"line":99,"column":25},"end":{"line":99,"column":27}},"53":{"start":{"line":100,"column":8},"end":{"line":105,"column":9}},"54":{"start":{"line":101,"column":26},"end":{"line":101,"column":52}},"55":{"start":{"line":102,"column":12},"end":{"line":104,"column":13}},"56":{"start":{"line":103,"column":16},"end":{"line":103,"column":44}},"57":{"start":{"line":106,"column":8},"end":{"line":106,"column":27}},"58":{"start":{"line":109,"column":8},"end":{"line":109,"column":54}},"59":{"start":{"line":110,"column":8},"end":{"line":110,"column":62}},"60":{"start":{"line":115,"column":0},"end":{"line":131,"column":3}},"61":{"start":{"line":116,"column":4},"end":{"line":130,"column":5}},"62":{"start":{"line":117,"column":21},"end":{"line":117,"column":41}},"63":{"start":{"line":118,"column":25},"end":{"line":118,"column":27}},"64":{"start":{"line":119,"column":8},"end":{"line":124,"column":9}},"65":{"start":{"line":120,"column":26},"end":{"line":120,"column":52}},"66":{"start":{"line":121,"column":12},"end":{"line":123,"column":13}},"67":{"start":{"line":122,"column":16},"end":{"line":122,"column":44}},"68":{"start":{"line":125,"column":8},"end":{"line":125,"column":27}},"69":{"start":{"line":128,"column":8},"end":{"line":128,"column":56}},"70":{"start":{"line":129,"column":8},"end":{"line":129,"column":63}},"71":{"start":{"line":134,"column":0},"end":{"line":150,"column":3}},"72":{"start":{"line":135,"column":4},"end":{"line":149,"column":5}},"73":{"start":{"line":136,"column":21},"end":{"line":136,"column":41}},"74":{"start":{"line":137,"column":25},"end":{"line":137,"column":27}},"75":{"start":{"line":138,"column":8},"end":{"line":143,"column":9}},"76":{"start":{"line":139,"column":26},"end":{"line":139,"column":52}},"77":{"start":{"line":140,"column":12},"end":{"line":142,"column":13}},"78":{"start":{"line":141,"column":16},"end":{"line":141,"column":44}},"79":{"start":{"line":144,"column":8},"end":{"line":144,"column":27}},"80":{"start":{"line":147,"column":8},"end":{"line":147,"column":56}},"81":{"start":{"line":148,"column":8},"end":{"line":148,"column":63}},"82":{"start":{"line":152,"column":0},"end":{"line":159,"column":3}},"83":{"start":{"line":153,"column":16},"end":{"line":153,"column":30}},"84":{"start":{"line":154,"column":18},"end":{"line":154,"column":44}},"85":{"start":{"line":155,"column":4},"end":{"line":157,"column":5}},"86":{"start":{"line":156,"column":8},"end":{"line":156,"column":66}},"87":{"start":{"line":158,"column":4},"end":{"line":158,"column":27}},"88":{"start":{"line":161,"column":0},"end":{"line":176,"column":5}},"89":{"start":{"line":162,"column":18},"end":{"line":162,"column":26}},"90":{"start":{"line":164,"column":4},"end":{"line":166,"column":5}},"91":{"start":{"line":165,"column":6},"end":{"line":165,"column":70}},"92":{"start":{"line":168,"column":21},"end":{"line":168,"column":42}},"93":{"start":{"line":169,"column":4},"end":{"line":175,"column":5}},"94":{"start":{"line":170,"column":6},"end":{"line":170,"column":45}},"95":{"start":{"line":171,"column":6},"end":{"line":171,"column":44}},"96":{"start":{"line":173,"column":6},"end":{"line":173,"column":40}},"97":{"start":{"line":174,"column":6},"end":{"line":174,"column":62}},"98":{"start":{"line":178,"column":0},"end":{"line":196,"column":3}},"99":{"start":{"line":179,"column":4},"end":{"line":195,"column":5}},"100":{"start":{"line":180,"column":21},"end":{"line":180,"column":41}},"101":{"start":{"line":181,"column":23},"end":{"line":181,"column":25}},"102":{"start":{"line":183,"column":8},"end":{"line":188,"column":9}},"103":{"start":{"line":184,"column":12},"end":{"line":187,"column":13}},"104":{"start":{"line":185,"column":30},"end":{"line":185,"column":56}},"105":{"start":{"line":186,"column":16},"end":{"line":186,"column":47}},"106":{"start":{"line":190,"column":8},"end":{"line":190,"column":47}},"107":{"start":{"line":191,"column":8},"end":{"line":191,"column":25}},"108":{"start":{"line":193,"column":8},"end":{"line":193,"column":42}},"109":{"start":{"line":194,"column":8},"end":{"line":194,"column":65}},"110":{"start":{"line":198,"column":2},"end":{"line":211,"column":3}},"111":{"start":{"line":199,"column":4},"end":{"line":210,"column":5}},"112":{"start":{"line":200,"column":21},"end":{"line":200,"column":41}},"113":{"start":{"line":201,"column":8},"end":{"line":205,"column":9}},"114":{"start":{"line":202,"column":12},"end":{"line":204,"column":13}},"115":{"start":{"line":203,"column":16},"end":{"line":203,"column":46}},"116":{"start":{"line":206,"column":8},"end":{"line":206,"column":36}},"117":{"start":{"line":208,"column":8},"end":{"line":208,"column":63}},"118":{"start":{"line":209,"column":8},"end":{"line":209,"column":91}},"119":{"start":{"line":212,"column":0},"end":{"line":234,"column":3}},"120":{"start":{"line":213,"column":18},"end":{"line":213,"column":44}},"121":{"start":{"line":214,"column":4},"end":{"line":216,"column":5}},"122":{"start":{"line":215,"column":8},"end":{"line":215,"column":75}},"123":{"start":{"line":218,"column":4},"end":{"line":233,"column":5}},"124":{"start":{"line":219,"column":21},"end":{"line":219,"column":41}},"125":{"start":{"line":220,"column":24},"end":{"line":220,"column":26}},"126":{"start":{"line":222,"column":8},"end":{"line":227,"column":9}},"127":{"start":{"line":223,"column":28},"end":{"line":223,"column":54}},"128":{"start":{"line":224,"column":12},"end":{"line":226,"column":13}},"129":{"start":{"line":225,"column":16},"end":{"line":225,"column":47}},"130":{"start":{"line":229,"column":8},"end":{"line":229,"column":26}},"131":{"start":{"line":231,"column":8},"end":{"line":231,"column":59}},"132":{"start":{"line":232,"column":8},"end":{"line":232,"column":69}},"133":{"start":{"line":236,"column":0},"end":{"line":240,"column":1}},"134":{"start":{"line":237,"column":4},"end":{"line":239,"column":6}},"135":{"start":{"line":238,"column":8},"end":{"line":238,"column":37}}},"fnMap":{"0":{"name":"(anonymous_0)","decl":{"start":{"line":21,"column":10},"end":{"line":21,"column":11}},"loc":{"start":{"line":21,"column":19},"end":{"line":23,"column":5}},"line":21},"1":{"name":"(anonymous_1)","decl":{"start":{"line":25,"column":28},"end":{"line":25,"column":29}},"loc":{"start":{"line":25,"column":42},"end":{"line":35,"column":1}},"line":25},"2":{"name":"(anonymous_2)","decl":{"start":{"line":37,"column":18},"end":{"line":37,"column":19}},"loc":{"start":{"line":37,"column":38},"end":{"line":54,"column":1}},"line":37},"3":{"name":"(anonymous_3)","decl":{"start":{"line":57,"column":21},"end":{"line":57,"column":22}},"loc":{"start":{"line":57,"column":41},"end":{"line":66,"column":1}},"line":57},"4":{"name":"(anonymous_4)","decl":{"start":{"line":68,"column":24},"end":{"line":68,"column":25}},"loc":{"start":{"line":68,"column":44},"end":{"line":77,"column":1}},"line":68},"5":{"name":"(anonymous_5)","decl":{"start":{"line":79,"column":19},"end":{"line":79,"column":20}},"loc":{"start":{"line":79,"column":39},"end":{"line":94,"column":1}},"line":79},"6":{"name":"(anonymous_6)","decl":{"start":{"line":96,"column":20},"end":{"line":96,"column":21}},"loc":{"start":{"line":96,"column":40},"end":{"line":112,"column":1}},"line":96},"7":{"name":"(anonymous_7)","decl":{"start":{"line":115,"column":22},"end":{"line":115,"column":23}},"loc":{"start":{"line":115,"column":42},"end":{"line":131,"column":1}},"line":115},"8":{"name":"(anonymous_8)","decl":{"start":{"line":134,"column":22},"end":{"line":134,"column":23}},"loc":{"start":{"line":134,"column":42},"end":{"line":150,"column":1}},"line":134},"9":{"name":"(anonymous_9)","decl":{"start":{"line":152,"column":28},"end":{"line":152,"column":29}},"loc":{"start":{"line":152,"column":48},"end":{"line":159,"column":1}},"line":152},"10":{"name":"(anonymous_10)","decl":{"start":{"line":161,"column":24},"end":{"line":161,"column":25}},"loc":{"start":{"line":161,"column":44},"end":{"line":176,"column":3}},"line":161},"11":{"name":"(anonymous_11)","decl":{"start":{"line":178,"column":22},"end":{"line":178,"column":23}},"loc":{"start":{"line":178,"column":42},"end":{"line":196,"column":1}},"line":178},"12":{"name":"(anonymous_12)","decl":{"start":{"line":198,"column":35},"end":{"line":198,"column":36}},"loc":{"start":{"line":198,"column":55},"end":{"line":211,"column":1}},"line":198},"13":{"name":"(anonymous_13)","decl":{"start":{"line":212,"column":19},"end":{"line":212,"column":20}},"loc":{"start":{"line":212,"column":39},"end":{"line":234,"column":1}},"line":212},"14":{"name":"(anonymous_14)","decl":{"start":{"line":237,"column":21},"end":{"line":237,"column":22}},"loc":{"start":{"line":237,"column":27},"end":{"line":239,"column":5}},"line":237}},"branchMap":{"0":{"loc":{"start":{"line":41,"column":4},"end":{"line":44,"column":5}},"type":"if","locations":[{"start":{"line":41,"column":4},"end":{"line":44,"column":5}},{"start":{},"end":{}}],"line":41},"1":{"loc":{"start":{"line":41,"column":8},"end":{"line":41,"column":24}},"type":"binary-expr","locations":[{"start":{"line":41,"column":8},"end":{"line":41,"column":12}},{"start":{"line":41,"column":16},"end":{"line":41,"column":24}}],"line":41},"2":{"loc":{"start":{"line":61,"column":4},"end":{"line":65,"column":5}},"type":"if","locations":[{"start":{"line":61,"column":4},"end":{"line":65,"column":5}},{"start":{"line":63,"column":11},"end":{"line":65,"column":5}}],"line":61},"3":{"loc":{"start":{"line":72,"column":4},"end":{"line":76,"column":5}},"type":"if","locations":[{"start":{"line":72,"column":4},"end":{"line":76,"column":5}},{"start":{"line":74,"column":11},"end":{"line":76,"column":5}}],"line":72},"4":{"loc":{"start":{"line":85,"column":12},"end":{"line":87,"column":13}},"type":"if","locations":[{"start":{"line":85,"column":12},"end":{"line":87,"column":13}},{"start":{},"end":{}}],"line":85},"5":{"loc":{"start":{"line":102,"column":12},"end":{"line":104,"column":13}},"type":"if","locations":[{"start":{"line":102,"column":12},"end":{"line":104,"column":13}},{"start":{},"end":{}}],"line":102},"6":{"loc":{"start":{"line":121,"column":12},"end":{"line":123,"column":13}},"type":"if","locations":[{"start":{"line":121,"column":12},"end":{"line":123,"column":13}},{"start":{},"end":{}}],"line":121},"7":{"loc":{"start":{"line":140,"column":12},"end":{"line":142,"column":13}},"type":"if","locations":[{"start":{"line":140,"column":12},"end":{"line":142,"column":13}},{"start":{},"end":{}}],"line":140},"8":{"loc":{"start":{"line":155,"column":4},"end":{"line":157,"column":5}},"type":"if","locations":[{"start":{"line":155,"column":4},"end":{"line":157,"column":5}},{"start":{},"end":{}}],"line":155},"9":{"loc":{"start":{"line":164,"column":4},"end":{"line":166,"column":5}},"type":"if","locations":[{"start":{"line":164,"column":4},"end":{"line":166,"column":5}},{"start":{},"end":{}}],"line":164},"10":{"loc":{"start":{"line":164,"column":8},"end":{"line":164,"column":97}},"type":"binary-expr","locations":[{"start":{"line":164,"column":8},"end":{"line":164,"column":19}},{"start":{"line":164,"column":23},"end":{"line":164,"column":37}},{"start":{"line":164,"column":41},"end":{"line":164,"column":53}},{"start":{"line":164,"column":57},"end":{"line":164,"column":69}},{"start":{"line":164,"column":73},"end":{"line":164,"column":97}}],"line":164},"11":{"loc":{"start":{"line":184,"column":12},"end":{"line":187,"column":13}},"type":"if","locations":[{"start":{"line":184,"column":12},"end":{"line":187,"column":13}},{"start":{},"end":{}}],"line":184},"12":{"loc":{"start":{"line":202,"column":12},"end":{"line":204,"column":13}},"type":"if","locations":[{"start":{"line":202,"column":12},"end":{"line":204,"column":13}},{"start":{},"end":{}}],"line":202},"13":{"loc":{"start":{"line":214,"column":4},"end":{"line":216,"column":5}},"type":"if","locations":[{"start":{"line":214,"column":4},"end":{"line":216,"column":5}},{"start":{},"end":{}}],"line":214},"14":{"loc":{"start":{"line":224,"column":12},"end":{"line":226,"column":13}},"type":"if","locations":[{"start":{"line":224,"column":12},"end":{"line":226,"column":13}},{"start":{},"end":{}}],"line":224},"15":{"loc":{"start":{"line":236,"column":0},"end":{"line":240,"column":1}},"type":"if","locations":[{"start":{"line":236,"column":0},"end":{"line":240,"column":1}},{"start":{},"end":{}}],"line":236}},"s":{"0":1,"1":1,"2":1,"3":1,"4":1,"5":1,"6":1,"7":1,"8":1,"9":1,"10":1,"11":2,"12":1,"13":16,"14":16,"15":4,"16":4,"17":12,"18":12,"19":12,"20":12,"21":12,"22":0,"23":0,"24":1,"25":4,"26":4,"27":4,"28":4,"29":2,"30":2,"31":1,"32":10,"33":10,"34":10,"35":10,"36":0,"37":10,"38":1,"39":2,"40":2,"41":2,"42":2,"43":19,"44":19,"45":19,"46":2,"47":0,"48":0,"49":1,"50":2,"51":2,"52":2,"53":2,"54":19,"55":19,"56":7,"57":2,"58":0,"59":0,"60":1,"61":2,"62":2,"63":2,"64":2,"65":20,"66":20,"67":8,"68":2,"69":0,"70":0,"71":1,"72":2,"73":2,"74":2,"75":2,"76":21,"77":21,"78":6,"79":2,"80":0,"81":0,"82":1,"83":2,"84":2,"85":2,"86":1,"87":1,"88":1,"89":17,"90":17,"91":3,"92":14,"93":14,"94":14,"95":14,"96":0,"97":0,"98":1,"99":7,"100":7,"101":7,"102":7,"103":85,"104":15,"105":15,"106":7,"107":7,"108":0,"109":0,"110":1,"111":5,"112":5,"113":5,"114":63,"115":13,"116":5,"117":0,"118":0,"119":1,"120":9,"121":9,"122":3,"123":6,"124":6,"125":6,"126":6,"127":63,"128":63,"129":11,"130":6,"131":0,"132":0,"133":1,"134":0,"135":0},"f":{"0":1,"1":2,"2":16,"3":4,"4":10,"5":2,"6":2,"7":2,"8":2,"9":2,"10":17,"11":7,"12":5,"13":9,"14":0},"b":{"0":[4,12],"1":[16,13],"2":[2,2],"3":[0,10],"4":[19,0],"5":[7,12],"6":[8,12],"7":[6,15],"8":[1,1],"9":[3,14],"10":[17,16,16,16,15],"11":[15,70],"12":[13,50],"13":[3,6],"14":[11,52],"15":[0,1]},"_coverageSchema":"1a1c01bbd47fc00a2c39e90264f33305004495a9","hash":"722a961f6b74251045a3960fb637b9ec28f401b1"}
}
