{"/mnt/c/Users/Rivas/OneDrive/Desktop/Codigo/swe362/362FinalProject/index.js": {"path":"/mnt/c/Users/Rivas/OneDrive/Desktop/Codigo/swe362/362FinalProject/index.js","statementMap":{"0":{"start":{"line":7,"column":12},"end":{"line":7,"column":21}},"1":{"start":{"line":8,"column":13},"end":{"line":8,"column":17}},"2":{"start":{"line":9,"column":0},"end":{"line":9,"column":16}},"3":{"start":{"line":10,"column":19},"end":{"line":10,"column":49}},"4":{"start":{"line":11,"column":18},"end":{"line":11,"column":42}},"5":{"start":{"line":13,"column":0},"end":{"line":13,"column":35}},"6":{"start":{"line":14,"column":0},"end":{"line":14,"column":56}},"7":{"start":{"line":17,"column":0},"end":{"line":17,"column":24}},"8":{"start":{"line":20,"column":0},"end":{"line":23,"column":7}},"9":{"start":{"line":22,"column":8},"end":{"line":22,"column":43}},"10":{"start":{"line":25,"column":0},"end":{"line":35,"column":3}},"11":{"start":{"line":26,"column":4},"end":{"line":34,"column":7}},"12":{"start":{"line":37,"column":0},"end":{"line":54,"column":3}},"13":{"start":{"line":39,"column":27},"end":{"line":39,"column":35}},"14":{"start":{"line":41,"column":4},"end":{"line":44,"column":5}},"15":{"start":{"line":42,"column":8},"end":{"line":42,"column":28}},"16":{"start":{"line":43,"column":8},"end":{"line":43,"column":60}},"17":{"start":{"line":45,"column":4},"end":{"line":53,"column":5}},"18":{"start":{"line":46,"column":8},"end":{"line":46,"column":29}},"19":{"start":{"line":47,"column":8},"end":{"line":47,"column":44}},"20":{"start":{"line":48,"column":8},"end":{"line":48,"column":80}},"21":{"start":{"line":49,"column":8},"end":{"line":49,"column":42}},"22":{"start":{"line":51,"column":8},"end":{"line":51,"column":52}},"23":{"start":{"line":52,"column":8},"end":{"line":52,"column":50}},"24":{"start":{"line":55,"column":0},"end":{"line":72,"column":3}},"25":{"start":{"line":57,"column":27},"end":{"line":57,"column":35}},"26":{"start":{"line":59,"column":4},"end":{"line":62,"column":5}},"27":{"start":{"line":60,"column":8},"end":{"line":60,"column":28}},"28":{"start":{"line":61,"column":8},"end":{"line":61,"column":60}},"29":{"start":{"line":63,"column":4},"end":{"line":71,"column":5}},"30":{"start":{"line":64,"column":8},"end":{"line":64,"column":29}},"31":{"start":{"line":65,"column":8},"end":{"line":65,"column":47}},"32":{"start":{"line":66,"column":8},"end":{"line":66,"column":79}},"33":{"start":{"line":67,"column":8},"end":{"line":67,"column":42}},"34":{"start":{"line":69,"column":8},"end":{"line":69,"column":52}},"35":{"start":{"line":70,"column":8},"end":{"line":70,"column":50}},"36":{"start":{"line":75,"column":0},"end":{"line":84,"column":3}},"37":{"start":{"line":76,"column":18},"end":{"line":76,"column":28}},"38":{"start":{"line":77,"column":4},"end":{"line":77,"column":42}},"39":{"start":{"line":78,"column":18},"end":{"line":78,"column":44}},"40":{"start":{"line":79,"column":4},"end":{"line":83,"column":5}},"41":{"start":{"line":80,"column":8},"end":{"line":80,"column":55}},"42":{"start":{"line":82,"column":8},"end":{"line":82,"column":31}},"43":{"start":{"line":86,"column":0},"end":{"line":95,"column":3}},"44":{"start":{"line":87,"column":18},"end":{"line":87,"column":28}},"45":{"start":{"line":88,"column":4},"end":{"line":88,"column":38}},"46":{"start":{"line":89,"column":18},"end":{"line":89,"column":47}},"47":{"start":{"line":90,"column":4},"end":{"line":94,"column":5}},"48":{"start":{"line":91,"column":8},"end":{"line":91,"column":55}},"49":{"start":{"line":93,"column":8},"end":{"line":93,"column":43}},"50":{"start":{"line":97,"column":0},"end":{"line":112,"column":3}},"51":{"start":{"line":98,"column":4},"end":{"line":111,"column":5}},"52":{"start":{"line":99,"column":21},"end":{"line":99,"column":41}},"53":{"start":{"line":100,"column":25},"end":{"line":100,"column":27}},"54":{"start":{"line":101,"column":8},"end":{"line":106,"column":9}},"55":{"start":{"line":102,"column":26},"end":{"line":102,"column":52}},"56":{"start":{"line":103,"column":12},"end":{"line":105,"column":13}},"57":{"start":{"line":104,"column":16},"end":{"line":104,"column":44}},"58":{"start":{"line":107,"column":8},"end":{"line":107,"column":27}},"59":{"start":{"line":109,"column":8},"end":{"line":109,"column":53}},"60":{"start":{"line":110,"column":8},"end":{"line":110,"column":64}},"61":{"start":{"line":114,"column":0},"end":{"line":130,"column":3}},"62":{"start":{"line":115,"column":4},"end":{"line":129,"column":5}},"63":{"start":{"line":116,"column":21},"end":{"line":116,"column":41}},"64":{"start":{"line":117,"column":25},"end":{"line":117,"column":27}},"65":{"start":{"line":118,"column":8},"end":{"line":123,"column":9}},"66":{"start":{"line":119,"column":26},"end":{"line":119,"column":52}},"67":{"start":{"line":120,"column":12},"end":{"line":122,"column":13}},"68":{"start":{"line":121,"column":16},"end":{"line":121,"column":44}},"69":{"start":{"line":124,"column":8},"end":{"line":124,"column":27}},"70":{"start":{"line":127,"column":8},"end":{"line":127,"column":54}},"71":{"start":{"line":128,"column":8},"end":{"line":128,"column":62}},"72":{"start":{"line":133,"column":0},"end":{"line":149,"column":3}},"73":{"start":{"line":134,"column":4},"end":{"line":148,"column":5}},"74":{"start":{"line":135,"column":21},"end":{"line":135,"column":41}},"75":{"start":{"line":136,"column":25},"end":{"line":136,"column":27}},"76":{"start":{"line":137,"column":8},"end":{"line":142,"column":9}},"77":{"start":{"line":138,"column":26},"end":{"line":138,"column":52}},"78":{"start":{"line":139,"column":12},"end":{"line":141,"column":13}},"79":{"start":{"line":140,"column":16},"end":{"line":140,"column":44}},"80":{"start":{"line":143,"column":8},"end":{"line":143,"column":27}},"81":{"start":{"line":146,"column":8},"end":{"line":146,"column":56}},"82":{"start":{"line":147,"column":8},"end":{"line":147,"column":63}},"83":{"start":{"line":152,"column":0},"end":{"line":168,"column":3}},"84":{"start":{"line":153,"column":4},"end":{"line":167,"column":5}},"85":{"start":{"line":154,"column":21},"end":{"line":154,"column":41}},"86":{"start":{"line":155,"column":25},"end":{"line":155,"column":27}},"87":{"start":{"line":156,"column":8},"end":{"line":161,"column":9}},"88":{"start":{"line":157,"column":26},"end":{"line":157,"column":52}},"89":{"start":{"line":158,"column":12},"end":{"line":160,"column":13}},"90":{"start":{"line":159,"column":16},"end":{"line":159,"column":44}},"91":{"start":{"line":162,"column":8},"end":{"line":162,"column":27}},"92":{"start":{"line":165,"column":8},"end":{"line":165,"column":56}},"93":{"start":{"line":166,"column":8},"end":{"line":166,"column":63}},"94":{"start":{"line":170,"column":0},"end":{"line":177,"column":3}},"95":{"start":{"line":171,"column":16},"end":{"line":171,"column":30}},"96":{"start":{"line":172,"column":18},"end":{"line":172,"column":44}},"97":{"start":{"line":173,"column":4},"end":{"line":175,"column":5}},"98":{"start":{"line":174,"column":8},"end":{"line":174,"column":66}},"99":{"start":{"line":176,"column":4},"end":{"line":176,"column":27}},"100":{"start":{"line":179,"column":0},"end":{"line":194,"column":5}},"101":{"start":{"line":180,"column":18},"end":{"line":180,"column":26}},"102":{"start":{"line":182,"column":4},"end":{"line":184,"column":5}},"103":{"start":{"line":183,"column":6},"end":{"line":183,"column":70}},"104":{"start":{"line":186,"column":21},"end":{"line":186,"column":42}},"105":{"start":{"line":187,"column":4},"end":{"line":193,"column":5}},"106":{"start":{"line":188,"column":6},"end":{"line":188,"column":45}},"107":{"start":{"line":189,"column":6},"end":{"line":189,"column":44}},"108":{"start":{"line":191,"column":6},"end":{"line":191,"column":40}},"109":{"start":{"line":192,"column":6},"end":{"line":192,"column":62}},"110":{"start":{"line":196,"column":0},"end":{"line":214,"column":3}},"111":{"start":{"line":197,"column":4},"end":{"line":213,"column":5}},"112":{"start":{"line":198,"column":21},"end":{"line":198,"column":41}},"113":{"start":{"line":199,"column":23},"end":{"line":199,"column":25}},"114":{"start":{"line":201,"column":8},"end":{"line":206,"column":9}},"115":{"start":{"line":202,"column":12},"end":{"line":205,"column":13}},"116":{"start":{"line":203,"column":30},"end":{"line":203,"column":56}},"117":{"start":{"line":204,"column":16},"end":{"line":204,"column":47}},"118":{"start":{"line":208,"column":8},"end":{"line":208,"column":47}},"119":{"start":{"line":209,"column":8},"end":{"line":209,"column":25}},"120":{"start":{"line":211,"column":8},"end":{"line":211,"column":42}},"121":{"start":{"line":212,"column":8},"end":{"line":212,"column":65}},"122":{"start":{"line":216,"column":2},"end":{"line":229,"column":3}},"123":{"start":{"line":217,"column":4},"end":{"line":228,"column":5}},"124":{"start":{"line":218,"column":21},"end":{"line":218,"column":41}},"125":{"start":{"line":219,"column":8},"end":{"line":223,"column":9}},"126":{"start":{"line":220,"column":12},"end":{"line":222,"column":13}},"127":{"start":{"line":221,"column":16},"end":{"line":221,"column":46}},"128":{"start":{"line":224,"column":8},"end":{"line":224,"column":36}},"129":{"start":{"line":226,"column":8},"end":{"line":226,"column":63}},"130":{"start":{"line":227,"column":8},"end":{"line":227,"column":91}},"131":{"start":{"line":230,"column":0},"end":{"line":255,"column":3}},"132":{"start":{"line":231,"column":18},"end":{"line":231,"column":44}},"133":{"start":{"line":232,"column":4},"end":{"line":234,"column":5}},"134":{"start":{"line":233,"column":8},"end":{"line":233,"column":75}},"135":{"start":{"line":236,"column":4},"end":{"line":251,"column":5}},"136":{"start":{"line":237,"column":21},"end":{"line":237,"column":41}},"137":{"start":{"line":238,"column":24},"end":{"line":238,"column":26}},"138":{"start":{"line":240,"column":8},"end":{"line":245,"column":9}},"139":{"start":{"line":241,"column":28},"end":{"line":241,"column":54}},"140":{"start":{"line":242,"column":12},"end":{"line":244,"column":13}},"141":{"start":{"line":243,"column":16},"end":{"line":243,"column":47}},"142":{"start":{"line":247,"column":8},"end":{"line":247,"column":26}},"143":{"start":{"line":249,"column":8},"end":{"line":249,"column":59}},"144":{"start":{"line":250,"column":8},"end":{"line":250,"column":69}},"145":{"start":{"line":257,"column":0},"end":{"line":276,"column":3}},"146":{"start":{"line":258,"column":21},"end":{"line":258,"column":29}},"147":{"start":{"line":259,"column":4},"end":{"line":261,"column":5}},"148":{"start":{"line":260,"column":8},"end":{"line":260,"column":58}},"149":{"start":{"line":263,"column":4},"end":{"line":275,"column":5}},"150":{"start":{"line":264,"column":25},"end":{"line":264,"column":27}},"151":{"start":{"line":265,"column":8},"end":{"line":270,"column":9}},"152":{"start":{"line":266,"column":28},"end":{"line":266,"column":54}},"153":{"start":{"line":267,"column":12},"end":{"line":269,"column":13}},"154":{"start":{"line":268,"column":16},"end":{"line":268,"column":55}},"155":{"start":{"line":271,"column":8},"end":{"line":271,"column":27}},"156":{"start":{"line":273,"column":8},"end":{"line":273,"column":66}},"157":{"start":{"line":274,"column":8},"end":{"line":274,"column":56}},"158":{"start":{"line":280,"column":0},"end":{"line":284,"column":1}},"159":{"start":{"line":281,"column":4},"end":{"line":283,"column":6}},"160":{"start":{"line":282,"column":8},"end":{"line":282,"column":37}}},"fnMap":{"0":{"name":"(anonymous_0)","decl":{"start":{"line":21,"column":10},"end":{"line":21,"column":11}},"loc":{"start":{"line":21,"column":19},"end":{"line":23,"column":5}},"line":21},"1":{"name":"(anonymous_1)","decl":{"start":{"line":25,"column":28},"end":{"line":25,"column":29}},"loc":{"start":{"line":25,"column":42},"end":{"line":35,"column":1}},"line":25},"2":{"name":"(anonymous_2)","decl":{"start":{"line":37,"column":18},"end":{"line":37,"column":19}},"loc":{"start":{"line":37,"column":38},"end":{"line":54,"column":1}},"line":37},"3":{"name":"(anonymous_3)","decl":{"start":{"line":55,"column":17},"end":{"line":55,"column":18}},"loc":{"start":{"line":55,"column":37},"end":{"line":72,"column":1}},"line":55},"4":{"name":"(anonymous_4)","decl":{"start":{"line":75,"column":21},"end":{"line":75,"column":22}},"loc":{"start":{"line":75,"column":41},"end":{"line":84,"column":1}},"line":75},"5":{"name":"(anonymous_5)","decl":{"start":{"line":86,"column":24},"end":{"line":86,"column":25}},"loc":{"start":{"line":86,"column":44},"end":{"line":95,"column":1}},"line":86},"6":{"name":"(anonymous_6)","decl":{"start":{"line":97,"column":19},"end":{"line":97,"column":20}},"loc":{"start":{"line":97,"column":39},"end":{"line":112,"column":1}},"line":97},"7":{"name":"(anonymous_7)","decl":{"start":{"line":114,"column":20},"end":{"line":114,"column":21}},"loc":{"start":{"line":114,"column":40},"end":{"line":130,"column":1}},"line":114},"8":{"name":"(anonymous_8)","decl":{"start":{"line":133,"column":22},"end":{"line":133,"column":23}},"loc":{"start":{"line":133,"column":42},"end":{"line":149,"column":1}},"line":133},"9":{"name":"(anonymous_9)","decl":{"start":{"line":152,"column":22},"end":{"line":152,"column":23}},"loc":{"start":{"line":152,"column":42},"end":{"line":168,"column":1}},"line":152},"10":{"name":"(anonymous_10)","decl":{"start":{"line":170,"column":28},"end":{"line":170,"column":29}},"loc":{"start":{"line":170,"column":48},"end":{"line":177,"column":1}},"line":170},"11":{"name":"(anonymous_11)","decl":{"start":{"line":179,"column":24},"end":{"line":179,"column":25}},"loc":{"start":{"line":179,"column":44},"end":{"line":194,"column":3}},"line":179},"12":{"name":"(anonymous_12)","decl":{"start":{"line":196,"column":22},"end":{"line":196,"column":23}},"loc":{"start":{"line":196,"column":42},"end":{"line":214,"column":1}},"line":196},"13":{"name":"(anonymous_13)","decl":{"start":{"line":216,"column":35},"end":{"line":216,"column":36}},"loc":{"start":{"line":216,"column":55},"end":{"line":229,"column":1}},"line":216},"14":{"name":"(anonymous_14)","decl":{"start":{"line":230,"column":19},"end":{"line":230,"column":20}},"loc":{"start":{"line":230,"column":39},"end":{"line":255,"column":1}},"line":230},"15":{"name":"(anonymous_15)","decl":{"start":{"line":257,"column":33},"end":{"line":257,"column":34}},"loc":{"start":{"line":257,"column":53},"end":{"line":276,"column":1}},"line":257},"16":{"name":"(anonymous_16)","decl":{"start":{"line":281,"column":21},"end":{"line":281,"column":22}},"loc":{"start":{"line":281,"column":27},"end":{"line":283,"column":5}},"line":281}},"branchMap":{"0":{"loc":{"start":{"line":41,"column":4},"end":{"line":44,"column":5}},"type":"if","locations":[{"start":{"line":41,"column":4},"end":{"line":44,"column":5}},{"start":{},"end":{}}],"line":41},"1":{"loc":{"start":{"line":41,"column":8},"end":{"line":41,"column":24}},"type":"binary-expr","locations":[{"start":{"line":41,"column":8},"end":{"line":41,"column":12}},{"start":{"line":41,"column":16},"end":{"line":41,"column":24}}],"line":41},"2":{"loc":{"start":{"line":59,"column":4},"end":{"line":62,"column":5}},"type":"if","locations":[{"start":{"line":59,"column":4},"end":{"line":62,"column":5}},{"start":{},"end":{}}],"line":59},"3":{"loc":{"start":{"line":59,"column":8},"end":{"line":59,"column":24}},"type":"binary-expr","locations":[{"start":{"line":59,"column":8},"end":{"line":59,"column":12}},{"start":{"line":59,"column":16},"end":{"line":59,"column":24}}],"line":59},"4":{"loc":{"start":{"line":79,"column":4},"end":{"line":83,"column":5}},"type":"if","locations":[{"start":{"line":79,"column":4},"end":{"line":83,"column":5}},{"start":{"line":81,"column":11},"end":{"line":83,"column":5}}],"line":79},"5":{"loc":{"start":{"line":90,"column":4},"end":{"line":94,"column":5}},"type":"if","locations":[{"start":{"line":90,"column":4},"end":{"line":94,"column":5}},{"start":{"line":92,"column":11},"end":{"line":94,"column":5}}],"line":90},"6":{"loc":{"start":{"line":103,"column":12},"end":{"line":105,"column":13}},"type":"if","locations":[{"start":{"line":103,"column":12},"end":{"line":105,"column":13}},{"start":{},"end":{}}],"line":103},"7":{"loc":{"start":{"line":120,"column":12},"end":{"line":122,"column":13}},"type":"if","locations":[{"start":{"line":120,"column":12},"end":{"line":122,"column":13}},{"start":{},"end":{}}],"line":120},"8":{"loc":{"start":{"line":139,"column":12},"end":{"line":141,"column":13}},"type":"if","locations":[{"start":{"line":139,"column":12},"end":{"line":141,"column":13}},{"start":{},"end":{}}],"line":139},"9":{"loc":{"start":{"line":158,"column":12},"end":{"line":160,"column":13}},"type":"if","locations":[{"start":{"line":158,"column":12},"end":{"line":160,"column":13}},{"start":{},"end":{}}],"line":158},"10":{"loc":{"start":{"line":173,"column":4},"end":{"line":175,"column":5}},"type":"if","locations":[{"start":{"line":173,"column":4},"end":{"line":175,"column":5}},{"start":{},"end":{}}],"line":173},"11":{"loc":{"start":{"line":182,"column":4},"end":{"line":184,"column":5}},"type":"if","locations":[{"start":{"line":182,"column":4},"end":{"line":184,"column":5}},{"start":{},"end":{}}],"line":182},"12":{"loc":{"start":{"line":182,"column":8},"end":{"line":182,"column":97}},"type":"binary-expr","locations":[{"start":{"line":182,"column":8},"end":{"line":182,"column":19}},{"start":{"line":182,"column":23},"end":{"line":182,"column":37}},{"start":{"line":182,"column":41},"end":{"line":182,"column":53}},{"start":{"line":182,"column":57},"end":{"line":182,"column":69}},{"start":{"line":182,"column":73},"end":{"line":182,"column":97}}],"line":182},"13":{"loc":{"start":{"line":202,"column":12},"end":{"line":205,"column":13}},"type":"if","locations":[{"start":{"line":202,"column":12},"end":{"line":205,"column":13}},{"start":{},"end":{}}],"line":202},"14":{"loc":{"start":{"line":220,"column":12},"end":{"line":222,"column":13}},"type":"if","locations":[{"start":{"line":220,"column":12},"end":{"line":222,"column":13}},{"start":{},"end":{}}],"line":220},"15":{"loc":{"start":{"line":232,"column":4},"end":{"line":234,"column":5}},"type":"if","locations":[{"start":{"line":232,"column":4},"end":{"line":234,"column":5}},{"start":{},"end":{}}],"line":232},"16":{"loc":{"start":{"line":242,"column":12},"end":{"line":244,"column":13}},"type":"if","locations":[{"start":{"line":242,"column":12},"end":{"line":244,"column":13}},{"start":{},"end":{}}],"line":242},"17":{"loc":{"start":{"line":259,"column":4},"end":{"line":261,"column":5}},"type":"if","locations":[{"start":{"line":259,"column":4},"end":{"line":261,"column":5}},{"start":{},"end":{}}],"line":259},"18":{"loc":{"start":{"line":259,"column":8},"end":{"line":259,"column":37}},"type":"binary-expr","locations":[{"start":{"line":259,"column":8},"end":{"line":259,"column":13}},{"start":{"line":259,"column":17},"end":{"line":259,"column":37}}],"line":259},"19":{"loc":{"start":{"line":267,"column":12},"end":{"line":269,"column":13}},"type":"if","locations":[{"start":{"line":267,"column":12},"end":{"line":269,"column":13}},{"start":{},"end":{}}],"line":267},"20":{"loc":{"start":{"line":280,"column":0},"end":{"line":284,"column":1}},"type":"if","locations":[{"start":{"line":280,"column":0},"end":{"line":284,"column":1}},{"start":{},"end":{}}],"line":280}},"s":{"0":1,"1":1,"2":1,"3":1,"4":1,"5":1,"6":1,"7":1,"8":1,"9":1,"10":1,"11":2,"12":1,"13":18,"14":18,"15":6,"16":6,"17":12,"18":12,"19":12,"20":12,"21":12,"22":0,"23":0,"24":1,"25":0,"26":0,"27":0,"28":0,"29":0,"30":0,"31":0,"32":0,"33":0,"34":0,"35":0,"36":1,"37":4,"38":4,"39":4,"40":4,"41":2,"42":2,"43":1,"44":10,"45":10,"46":10,"47":10,"48":0,"49":10,"50":1,"51":2,"52":2,"53":2,"54":2,"55":23,"56":23,"57":23,"58":2,"59":0,"60":0,"61":1,"62":2,"63":2,"64":2,"65":2,"66":23,"67":23,"68":5,"69":2,"70":0,"71":0,"72":1,"73":2,"74":2,"75":2,"76":2,"77":24,"78":24,"79":8,"80":2,"81":0,"82":0,"83":1,"84":2,"85":2,"86":2,"87":2,"88":25,"89":25,"90":12,"91":2,"92":0,"93":0,"94":1,"95":2,"96":2,"97":2,"98":1,"99":1,"100":1,"101":17,"102":17,"103":3,"104":14,"105":14,"106":14,"107":14,"108":0,"109":0,"110":1,"111":7,"112":7,"113":7,"114":7,"115":99,"116":15,"117":15,"118":7,"119":7,"120":0,"121":0,"122":1,"123":5,"124":5,"125":5,"126":73,"127":13,"128":5,"129":0,"130":0,"131":1,"132":9,"133":9,"134":3,"135":6,"136":6,"137":6,"138":6,"139":75,"140":75,"141":13,"142":6,"143":0,"144":0,"145":1,"146":4,"147":4,"148":2,"149":2,"150":2,"151":2,"152":2,"153":2,"154":1,"155":2,"156":0,"157":0,"158":1,"159":0,"160":0},"f":{"0":1,"1":2,"2":18,"3":0,"4":4,"5":10,"6":2,"7":2,"8":2,"9":2,"10":2,"11":17,"12":7,"13":5,"14":9,"15":4,"16":0},"b":{"0":[6,12],"1":[18,14],"2":[0,0],"3":[0,0],"4":[2,2],"5":[0,10],"6":[23,0],"7":[5,18],"8":[8,16],"9":[12,13],"10":[1,1],"11":[3,14],"12":[17,16,16,16,15],"13":[15,84],"14":[13,60],"15":[3,6],"16":[13,62],"17":[2,2],"18":[4,3],"19":[1,1],"20":[0,1]},"_coverageSchema":"1a1c01bbd47fc00a2c39e90264f33305004495a9","hash":"362a4528572f6d97e9782aa0a9fcd576d4730b18"}
}
