TN:
SF:index.js
FN:21,(anonymous_0)
FN:25,(anonymous_1)
FN:37,(anonymous_2)
FN:57,(anonymous_3)
FN:68,(anonymous_4)
FN:79,(anonymous_5)
FN:96,(anonymous_6)
FN:115,(anonymous_7)
FN:134,(anonymous_8)
FN:152,(anonymous_9)
FN:161,(anonymous_10)
FN:178,(anonymous_11)
FN:198,(anonymous_12)
FN:212,(anonymous_13)
FN:237,(anonymous_14)
FNF:15
FNH:14
FNDA:1,(anonymous_0)
FNDA:2,(anonymous_1)
FNDA:16,(anonymous_2)
FNDA:4,(anonymous_3)
FNDA:10,(anonymous_4)
FNDA:2,(anonymous_5)
FNDA:2,(anonymous_6)
FNDA:2,(anonymous_7)
FNDA:2,(anonymous_8)
FNDA:2,(anonymous_9)
FNDA:17,(anonymous_10)
FNDA:7,(anonymous_11)
FNDA:5,(anonymous_12)
FNDA:9,(anonymous_13)
FNDA:0,(anonymous_14)
DA:7,1
DA:8,1
DA:9,1
DA:10,1
DA:11,1
DA:13,1
DA:14,1
DA:17,1
DA:20,1
DA:22,1
DA:25,1
DA:26,2
DA:37,1
DA:39,16
DA:41,16
DA:42,4
DA:43,4
DA:45,12
DA:46,12
DA:47,12
DA:48,12
DA:49,12
DA:51,0
DA:52,0
DA:57,1
DA:58,4
DA:59,4
DA:60,4
DA:61,4
DA:62,2
DA:64,2
DA:68,1
DA:69,10
DA:70,10
DA:71,10
DA:72,10
DA:73,0
DA:75,10
DA:79,1
DA:80,2
DA:81,2
DA:82,2
DA:83,2
DA:84,19
DA:85,19
DA:86,19
DA:89,2
DA:91,0
DA:92,0
DA:96,1
DA:97,2
DA:98,2
DA:99,2
DA:100,2
DA:101,19
DA:102,19
DA:103,7
DA:106,2
DA:109,0
DA:110,0
DA:115,1
DA:116,2
DA:117,2
DA:118,2
DA:119,2
DA:120,20
DA:121,20
DA:122,8
DA:125,2
DA:128,0
DA:129,0
DA:134,1
DA:135,2
DA:136,2
DA:137,2
DA:138,2
DA:139,21
DA:140,21
DA:141,6
DA:144,2
DA:147,0
DA:148,0
DA:152,1
DA:153,2
DA:154,2
DA:155,2
DA:156,1
DA:158,1
DA:161,1
DA:162,17
DA:164,17
DA:165,3
DA:168,14
DA:169,14
DA:170,14
DA:171,14
DA:173,0
DA:174,0
DA:178,1
DA:179,7
DA:180,7
DA:181,7
DA:183,7
DA:184,85
DA:185,15
DA:186,15
DA:190,7
DA:191,7
DA:193,0
DA:194,0
DA:198,1
DA:199,5
DA:200,5
DA:201,5
DA:202,63
DA:203,13
DA:206,5
DA:208,0
DA:209,0
DA:212,1
DA:213,9
DA:214,9
DA:215,3
DA:218,6
DA:219,6
DA:220,6
DA:222,6
DA:223,63
DA:224,63
DA:225,11
DA:229,6
DA:231,0
DA:232,0
DA:236,1
DA:237,0
DA:238,0
LF:136
LH:115
BRDA:41,0,0,4
BRDA:41,0,1,12
BRDA:41,1,0,16
BRDA:41,1,1,13
BRDA:61,2,0,2
BRDA:61,2,1,2
BRDA:72,3,0,0
BRDA:72,3,1,10
BRDA:85,4,0,19
BRDA:85,4,1,0
BRDA:102,5,0,7
BRDA:102,5,1,12
BRDA:121,6,0,8
BRDA:121,6,1,12
BRDA:140,7,0,6
BRDA:140,7,1,15
BRDA:155,8,0,1
BRDA:155,8,1,1
BRDA:164,9,0,3
BRDA:164,9,1,14
BRDA:164,10,0,17
BRDA:164,10,1,16
BRDA:164,10,2,16
BRDA:164,10,3,16
BRDA:164,10,4,15
BRDA:184,11,0,15
BRDA:184,11,1,70
BRDA:202,12,0,13
BRDA:202,12,1,50
BRDA:214,13,0,3
BRDA:214,13,1,6
BRDA:224,14,0,11
BRDA:224,14,1,52
BRDA:236,15,0,0
BRDA:236,15,1,1
BRF:35
BRH:32
end_of_record
