TN:
SF:index.js
FN:21,(anonymous_0)
FN:25,(anonymous_1)
FN:37,(anonymous_2)
FN:55,(anonymous_3)
FN:75,(anonymous_4)
FN:86,(anonymous_5)
FN:97,(anonymous_6)
FN:114,(anonymous_7)
FN:133,(anonymous_8)
FN:152,(anonymous_9)
FN:170,(anonymous_10)
FN:179,(anonymous_11)
FN:196,(anonymous_12)
FN:216,(anonymous_13)
FN:230,(anonymous_14)
FN:257,(anonymous_15)
FN:281,(anonymous_16)
FNF:17
FNH:15
FNDA:1,(anonymous_0)
FNDA:2,(anonymous_1)
FNDA:18,(anonymous_2)
FNDA:0,(anonymous_3)
FNDA:4,(anonymous_4)
FNDA:10,(anonymous_5)
FNDA:2,(anonymous_6)
FNDA:2,(anonymous_7)
FNDA:2,(anonymous_8)
FNDA:2,(anonymous_9)
FNDA:2,(anonymous_10)
FNDA:17,(anonymous_11)
FNDA:7,(anonymous_12)
FNDA:5,(anonymous_13)
FNDA:9,(anonymous_14)
FNDA:4,(anonymous_15)
FNDA:0,(anonymous_16)
DA:7,1
DA:8,1
DA:9,1
DA:10,1
DA:11,1
DA:13,1
DA:14,1
DA:17,1
DA:20,1
DA:22,1
DA:25,1
DA:26,2
DA:37,1
DA:39,18
DA:41,18
DA:42,6
DA:43,6
DA:45,12
DA:46,12
DA:47,12
DA:48,12
DA:49,12
DA:51,0
DA:52,0
DA:55,1
DA:57,0
DA:59,0
DA:60,0
DA:61,0
DA:63,0
DA:64,0
DA:65,0
DA:66,0
DA:67,0
DA:69,0
DA:70,0
DA:75,1
DA:76,4
DA:77,4
DA:78,4
DA:79,4
DA:80,2
DA:82,2
DA:86,1
DA:87,10
DA:88,10
DA:89,10
DA:90,10
DA:91,0
DA:93,10
DA:97,1
DA:98,2
DA:99,2
DA:100,2
DA:101,2
DA:102,31
DA:103,31
DA:104,31
DA:107,2
DA:109,0
DA:110,0
DA:114,1
DA:115,2
DA:116,2
DA:117,2
DA:118,2
DA:119,31
DA:120,31
DA:121,9
DA:124,2
DA:127,0
DA:128,0
DA:133,1
DA:134,2
DA:135,2
DA:136,2
DA:137,2
DA:138,32
DA:139,32
DA:140,8
DA:143,2
DA:146,0
DA:147,0
DA:152,1
DA:153,2
DA:154,2
DA:155,2
DA:156,2
DA:157,33
DA:158,33
DA:159,12
DA:162,2
DA:165,0
DA:166,0
DA:170,1
DA:171,2
DA:172,2
DA:173,2
DA:174,1
DA:176,1
DA:179,1
DA:180,17
DA:182,17
DA:183,3
DA:186,14
DA:187,14
DA:188,14
DA:189,14
DA:191,0
DA:192,0
DA:196,1
DA:197,7
DA:198,7
DA:199,7
DA:201,7
DA:202,101
DA:203,17
DA:204,17
DA:208,7
DA:209,7
DA:211,0
DA:212,0
DA:216,1
DA:217,5
DA:218,5
DA:219,5
DA:220,74
DA:221,14
DA:224,5
DA:226,0
DA:227,0
DA:230,1
DA:231,9
DA:232,9
DA:233,3
DA:236,6
DA:237,6
DA:238,6
DA:240,6
DA:241,93
DA:242,93
DA:243,19
DA:247,6
DA:249,0
DA:250,0
DA:257,1
DA:258,4
DA:259,4
DA:260,2
DA:263,2
DA:264,2
DA:265,2
DA:266,2
DA:267,2
DA:268,1
DA:271,2
DA:273,0
DA:274,0
DA:280,1
DA:281,0
DA:282,0
LF:161
LH:127
BRDA:41,0,0,6
BRDA:41,0,1,12
BRDA:41,1,0,18
BRDA:41,1,1,14
BRDA:59,2,0,0
BRDA:59,2,1,0
BRDA:59,3,0,0
BRDA:59,3,1,0
BRDA:79,4,0,2
BRDA:79,4,1,2
BRDA:90,5,0,0
BRDA:90,5,1,10
BRDA:103,6,0,31
BRDA:103,6,1,0
BRDA:120,7,0,9
BRDA:120,7,1,22
BRDA:139,8,0,8
BRDA:139,8,1,24
BRDA:158,9,0,12
BRDA:158,9,1,21
BRDA:173,10,0,1
BRDA:173,10,1,1
BRDA:182,11,0,3
BRDA:182,11,1,14
BRDA:182,12,0,17
BRDA:182,12,1,16
BRDA:182,12,2,16
BRDA:182,12,3,16
BRDA:182,12,4,15
BRDA:202,13,0,17
BRDA:202,13,1,84
BRDA:220,14,0,14
BRDA:220,14,1,60
BRDA:232,15,0,3
BRDA:232,15,1,6
BRDA:242,16,0,19
BRDA:242,16,1,74
BRDA:259,17,0,2
BRDA:259,17,1,2
BRDA:259,18,0,4
BRDA:259,18,1,3
BRDA:267,19,0,1
BRDA:267,19,1,1
BRDA:280,20,0,0
BRDA:280,20,1,1
BRF:45
BRH:38
end_of_record
